<?xml version="1.0" encoding="UTF-8"?>
<testng-results skipped="0" failed="0" ignored="0" total="1" passed="1">
  <reporter-output>
  </reporter-output>
  <suite name="Default suite" duration-ms="19094" started-at="2019-03-08T08:02:20Z" finished-at="2019-03-08T08:02:40Z">
    <groups>
    </groups>
    <test name="Default test" duration-ms="19094" started-at="2019-03-08T08:02:20Z" finished-at="2019-03-08T08:02:40Z">
      <class name="com.training.sanity.tests.CYTC_069">
        <test-method status="PASS" signature="setUpBeforeClass()[pri:0, instance:com.training.sanity.tests.CYTC_069@3e6fa38a]" name="setUpBeforeClass" is-config="true" duration-ms="26" started-at="2019-03-08T08:02:21Z" finished-at="2019-03-08T08:02:21Z">
          <reporter-output>
          </reporter-output>
        </test-method> <!-- setUpBeforeClass -->
        <test-method status="PASS" signature="setUp()[pri:0, instance:com.training.sanity.tests.CYTC_069@3e6fa38a]" name="setUp" is-config="true" duration-ms="6117" started-at="2019-03-08T08:02:21Z" finished-at="2019-03-08T08:02:27Z">
          <reporter-output>
          </reporter-output>
        </test-method> <!-- setUp -->
        <test-method status="PASS" signature="loginDBTest(java.lang.String, java.lang.String, java.lang.String, java.lang.String, java.lang.String, java.lang.String, java.lang.String, java.lang.String)[pri:0, instance:com.training.sanity.tests.CYTC_069@3e6fa38a]" name="loginDBTest" duration-ms="10750" started-at="2019-03-08T08:02:27Z" data-provider="db-inputs" finished-at="2019-03-08T08:02:38Z">
          <params>
            <param index="0">
              <value>
                <![CDATA[special offer]]>
              </value>
            </param>
            <param index="1">
              <value>
                <![CDATA[srinu]]>
              </value>
            </param>
            <param index="2">
              <value>
                <![CDATA[new offer]]>
              </value>
            </param>
            <param index="3">
              <value>
                <![CDATA[Example ad category]]>
              </value>
            </param>
            <param index="4">
              <value>
                <![CDATA[0,07]]>
              </value>
            </param>
            <param index="5">
              <value>
                <![CDATA[new offer for member]]>
              </value>
            </param>
            <param index="6">
              <value>
                <![CDATA[srinu]]>
              </value>
            </param>
            <param index="7">
              <value>
                <![CDATA[5678]]>
              </value>
            </param>
          </params>
          <reporter-output>
          </reporter-output>
        </test-method> <!-- loginDBTest -->
        <test-method status="PASS" signature="tearDown()[pri:0, instance:com.training.sanity.tests.CYTC_069@3e6fa38a]" name="tearDown" is-config="true" duration-ms="1833" started-at="2019-03-08T08:02:38Z" finished-at="2019-03-08T08:02:40Z">
          <reporter-output>
          </reporter-output>
        </test-method> <!-- tearDown -->
      </class> <!-- com.training.sanity.tests.CYTC_069 -->
    </test> <!-- Default test -->
  </suite> <!-- Default suite -->
</testng-results>
